c:\users\kirito\documents\visual studio 2017\projects\nhtv_2018\nhtv_2018\debug\nhtv_2018.pch
c:\users\kirito\documents\visual studio 2017\projects\nhtv_2018\nhtv_2018\debug\vc141.pdb
c:\users\kirito\documents\visual studio 2017\projects\nhtv_2018\nhtv_2018\debug\vc141.idb
c:\users\kirito\documents\visual studio 2017\projects\nhtv_2018\nhtv_2018\debug\stdafx.obj
c:\users\kirito\documents\visual studio 2017\projects\nhtv_2018\nhtv_2018\debug\ball.obj
c:\users\kirito\documents\visual studio 2017\projects\nhtv_2018\nhtv_2018\debug\bat.obj
c:\users\kirito\documents\visual studio 2017\projects\nhtv_2018\nhtv_2018\debug\blackjack.obj
c:\users\kirito\documents\visual studio 2017\projects\nhtv_2018\nhtv_2018\debug\game_lobby.obj
c:\users\kirito\documents\visual studio 2017\projects\nhtv_2018\nhtv_2018\debug\nhtv_2018.obj
c:\users\kirito\documents\visual studio 2017\projects\nhtv_2018\nhtv_2018\debug\pong.obj
c:\users\kirito\documents\visual studio 2017\projects\nhtv_2018\nhtv_2018\debug\environment.obj
c:\users\kirito\documents\visual studio 2017\projects\nhtv_2018\nhtv_2018\debug\gamemusic.obj
c:\users\kirito\documents\visual studio 2017\projects\nhtv_2018\nhtv_2018\debug\gameplay.obj
c:\users\kirito\documents\visual studio 2017\projects\nhtv_2018\nhtv_2018\debug\magic.obj
c:\users\kirito\documents\visual studio 2017\projects\nhtv_2018\nhtv_2018\debug\npc.obj
c:\users\kirito\documents\visual studio 2017\projects\nhtv_2018\nhtv_2018\debug\player.obj
c:\users\kirito\documents\visual studio 2017\projects\nhtv_2018\nhtv_2018\debug\rpgmain.obj
c:\users\kirito\documents\visual studio 2017\projects\nhtv_2018\nhtv_2018\debug\system.obj
c:\users\kirito\documents\visual studio 2017\projects\nhtv_2018\nhtv_2018\debug\technique.obj
c:\users\kirito\documents\visual studio 2017\projects\nhtv_2018\nhtv_2018\debug\userinterface.obj
c:\users\kirito\documents\visual studio 2017\projects\nhtv_2018\nhtv_2018\debug\simple_boss.obj
c:\users\kirito\documents\visual studio 2017\projects\nhtv_2018\nhtv_2018\debug\gameloop.obj
c:\users\kirito\documents\visual studio 2017\projects\nhtv_2018\debug\nhtv_2018.pdb
c:\users\kirito\documents\visual studio 2017\projects\nhtv_2018\nhtv_2018\debug\nhtv_2018.tlog\cl.command.1.tlog
c:\users\kirito\documents\visual studio 2017\projects\nhtv_2018\nhtv_2018\debug\nhtv_2018.tlog\cl.read.1.tlog
c:\users\kirito\documents\visual studio 2017\projects\nhtv_2018\nhtv_2018\debug\nhtv_2018.tlog\cl.write.1.tlog
c:\users\kirito\documents\visual studio 2017\projects\nhtv_2018\nhtv_2018\debug\nhtv_2018.tlog\link.24556-cvtres.read.1.tlog
c:\users\kirito\documents\visual studio 2017\projects\nhtv_2018\nhtv_2018\debug\nhtv_2018.tlog\link.24556-cvtres.write.1.tlog
c:\users\kirito\documents\visual studio 2017\projects\nhtv_2018\nhtv_2018\debug\nhtv_2018.tlog\link.24556-rc.read.1.tlog
c:\users\kirito\documents\visual studio 2017\projects\nhtv_2018\nhtv_2018\debug\nhtv_2018.tlog\link.24556-rc.write.1.tlog
c:\users\kirito\documents\visual studio 2017\projects\nhtv_2018\nhtv_2018\debug\nhtv_2018.tlog\link.24556.read.1.tlog
c:\users\kirito\documents\visual studio 2017\projects\nhtv_2018\nhtv_2018\debug\nhtv_2018.tlog\link.24556.write.1.tlog
c:\users\kirito\documents\visual studio 2017\projects\nhtv_2018\nhtv_2018\debug\nhtv_2018.tlog\link.command.1.tlog
c:\users\kirito\documents\visual studio 2017\projects\nhtv_2018\nhtv_2018\debug\nhtv_2018.tlog\link.read.1.tlog
c:\users\kirito\documents\visual studio 2017\projects\nhtv_2018\nhtv_2018\debug\nhtv_2018.tlog\link.write.1.tlog
